#
# There is insufficient memory for the Java Runtime Environment to continue.
# Native memory allocation (mmap) failed to map 127926272 bytes for G1 virtual space
# Possible reasons:
#   The system is out of physical RAM or swap space
#   The process is running with CompressedOops enabled, and the Java Heap may be blocking the growth of the native heap
# Possible solutions:
#   Reduce memory load on the system
#   Increase physical memory or swap space
#   Check if swap backing store is full
#   Decrease Java heap size (-Xmx/-Xms)
#   Decrease number of Java threads
#   Decrease Java thread stack sizes (-Xss)
#   Set larger code cache with -XX:ReservedCodeCacheSize=
#   JVM is running with Unscaled Compressed Oops mode in which the Java heap is
#     placed in the first 4GB address space. The Java Heap base address is the
#     maximum limit for the native heap growth. Please use -XX:HeapBaseMinAddress
#     to set the Java Heap base and to place the Java Heap above 4GB virtual address.
# This output file may be truncated or incomplete.
#
#  Out of Memory Error (os_windows.cpp:3541), pid=336, tid=15052
#
# JRE version:  (17.0.4.1+1) (build )
# Java VM: OpenJDK 64-Bit Server VM (17.0.4.1+1, mixed mode, sharing, tiered, compressed oops, compressed class ptrs, g1 gc, windows-amd64)
# No core dump will be written. Minidumps are not enabled by default on client versions of Windows
#

---------------  S U M M A R Y ------------

Command Line: -Dfile.encoding=UTF-8 -XX:+ShowCodeDetailsInExceptionMessages edu.cpt187.dykema.program2.DemoConstruction

Host: 11th Gen Intel(R) Core(TM) i5-1135G7 @ 2.40GHz, 8 cores, 7G,  Windows 11 , 64 bit Build 22000 (10.0.22000.708)
Time: Sun Oct 30 20:27:17 2022 Eastern Daylight Time elapsed time: 0.013206 seconds (0d 0h 0m 0s)

---------------  T H R E A D  ---------------

Current thread (0x00000240e2c864f0):  JavaThread "Unknown thread" [_thread_in_vm, id=15052, stack(0x000000550b400000,0x000000550b500000)]

Stack: [0x000000550b400000,0x000000550b500000]
Native frames: (J=compiled Java code, j=interpreted, Vv=VM code, C=native code)
V  [jvm.dll+0x67731a]
V  [jvm.dll+0x832284]
V  [jvm.dll+0x833a2e]
V  [jvm.dll+0x834093]
V  [jvm.dll+0x245775]
V  [jvm.dll+0x674209]
V  [jvm.dll+0x668a92]
V  [jvm.dll+0x30471b]
V  [jvm.dll+0x30bc66]
V  [jvm.dll+0x35ba9e]
V  [jvm.dll+0x35bccf]
V  [jvm.dll+0x2db5b8]
V  [jvm.dll+0x2dc524]
V  [jvm.dll+0x803db1]
V  [jvm.dll+0x3698f1]
V  [jvm.dll+0x7e31bc]
V  [jvm.dll+0x3ec25f]
V  [jvm.dll+0x3edde1]
C  [jli.dll+0x5277]
C  [ucrtbase.dll+0x26c0c]
C  [KERNEL32.DLL+0x154e0]
C  [ntdll.dll+0x485b]


---------------  P R O C E S S  ---------------

Threads class SMR info:
_java_thread_list=0x00007ff9411c4e98, length=0, elements={
}

Java Threads: ( => current thread )

Other Threads:
  0x00000240e2cdb180 GCTaskThread "GC Thread#0" [stack: 0x000000550b500000,0x000000550b600000] [id=8820]
  0x00000240e2ceb060 ConcurrentGCThread "G1 Main Marker" [stack: 0x000000550b600000,0x000000550b700000] [id=20688]
  0x00000240e2ceb810 ConcurrentGCThread "G1 Conc#0" [stack: 0x000000550b700000,0x000000550b800000] [id=24852]

[error occurred during error reporting (printing all threads), id 0xc0000005, EXCEPTION_ACCESS_VIOLATION (0xc0000005) at pc=0x00007ff94099c047]

VM state: not at safepoint (not fully initialized)

VM Mutex/Monitor currently owned by a thread:  ([mutex/lock_event])
[0x00000240e2c83d50] Heap_lock - owner thread: 0x00000240e2c864f0

Heap address: 0x0000000087000000, size: 1936 MB, Compressed Oops mode: 32-bit

CDS archive(s) mapped at: [0x0000000000000000-0x0000000000000000-0x0000000000000000), size 0, SharedBaseAddress: 0x0000000800000000, ArchiveRelocationMode: 0.
Narrow klass base: 0x0000000000000000, Narrow klass shift: 0, Narrow klass range: 0x0

GC Precious Log:
<Empty>

Heap:
 garbage-first heap   total 0K, used 0K [0x0000000087000000, 0x0000000100000000)
  region size 1024K, 0 young (0K), 0 survivors (0K)

[error occurred during error reporting (printing heap information), id 0xc0000005, EXCEPTION_ACCESS_VIOLATION (0xc0000005) at pc=0x00007ff940d80699]

GC Heap History (0 events):
No events

Deoptimization events (0 events):
No events

Classes unloaded (0 events):
No events

Classes redefined (0 events):
No events

Internal exceptions (0 events):
No events

VM Operations (0 events):
No events

Events (1 events):
Event: 0.009 Loaded shared library C:\Users\natha\.p2\pool\plugins\org.eclipse.justj.openjdk.hotspot.jre.full.win32.x86_64_17.0.4.v20221004-1257\jre\bin\java.dll


Dynamic libraries:
0x00007ff7ca960000 - 0x00007ff7ca96e000 	C:\Users\natha\.p2\pool\plugins\org.eclipse.justj.openjdk.hotspot.jre.full.win32.x86_64_17.0.4.v20221004-1257\jre\bin\javaw.exe
0x00007ff9a3620000 - 0x00007ff9a3829000 	C:\Windows\SYSTEM32\ntdll.dll
0x00007ff9a2290000 - 0x00007ff9a234d000 	C:\Windows\System32\KERNEL32.DLL
0x00007ff9a0c00000 - 0x00007ff9a0f7b000 	C:\Windows\System32\KERNELBASE.dll
0x00007ff9970b0000 - 0x00007ff997142000 	C:\Windows\SYSTEM32\apphelp.dll
0x00007ff9a12c0000 - 0x00007ff9a13d1000 	C:\Windows\System32\ucrtbase.dll
0x00007ff99c0c0000 - 0x00007ff99c0d8000 	C:\Users\natha\.p2\pool\plugins\org.eclipse.justj.openjdk.hotspot.jre.full.win32.x86_64_17.0.4.v20221004-1257\jre\bin\jli.dll
0x00007ff99c120000 - 0x00007ff99c139000 	C:\Users\natha\.p2\pool\plugins\org.eclipse.justj.openjdk.hotspot.jre.full.win32.x86_64_17.0.4.v20221004-1257\jre\bin\VCRUNTIME140.dll
0x00007ff9a1870000 - 0x00007ff9a1a1d000 	C:\Windows\System32\USER32.dll
0x00007ff9a10f0000 - 0x00007ff9a1116000 	C:\Windows\System32\win32u.dll
0x00007ff98c210000 - 0x00007ff98c4b5000 	C:\Windows\WinSxS\amd64_microsoft.windows.common-controls_6595b64144ccf1df_6.0.22000.120_none_9d947278b86cc467\COMCTL32.dll
0x00007ff9a1a20000 - 0x00007ff9a1a49000 	C:\Windows\System32\GDI32.dll
0x00007ff9a17c0000 - 0x00007ff9a1863000 	C:\Windows\System32\msvcrt.dll
0x00007ff9a11a0000 - 0x00007ff9a12b8000 	C:\Windows\System32\gdi32full.dll
0x00007ff9a0af0000 - 0x00007ff9a0b8d000 	C:\Windows\System32\msvcp_win.dll
0x00007ff9a14a0000 - 0x00007ff9a14d1000 	C:\Windows\System32\IMM32.DLL
0x00007ff99c1a0000 - 0x00007ff99c1ac000 	C:\Users\natha\.p2\pool\plugins\org.eclipse.justj.openjdk.hotspot.jre.full.win32.x86_64_17.0.4.v20221004-1257\jre\bin\vcruntime140_1.dll
0x00007ff99b9a0000 - 0x00007ff99ba31000 	C:\Users\natha\.p2\pool\plugins\org.eclipse.justj.openjdk.hotspot.jre.full.win32.x86_64_17.0.4.v20221004-1257\jre\bin\msvcp140.dll
0x00007ff9406b0000 - 0x00007ff9412f6000 	C:\Users\natha\.p2\pool\plugins\org.eclipse.justj.openjdk.hotspot.jre.full.win32.x86_64_17.0.4.v20221004-1257\jre\bin\server\jvm.dll
0x00007ff9a2b50000 - 0x00007ff9a2bfe000 	C:\Windows\System32\ADVAPI32.dll
0x00007ff9a2350000 - 0x00007ff9a23ee000 	C:\Windows\System32\sechost.dll
0x00007ff9a1630000 - 0x00007ff9a1750000 	C:\Windows\System32\RPCRT4.dll
0x00007ff9a2c80000 - 0x00007ff9a2c88000 	C:\Windows\System32\PSAPI.DLL
0x00007ff99e560000 - 0x00007ff99e593000 	C:\Windows\SYSTEM32\WINMM.dll
0x00007ff989050000 - 0x00007ff989059000 	C:\Windows\SYSTEM32\WSOCK32.dll
0x00007ff996d90000 - 0x00007ff996d9a000 	C:\Windows\SYSTEM32\VERSION.dll
0x00007ff9a15c0000 - 0x00007ff9a162f000 	C:\Windows\System32\WS2_32.dll
0x00007ff99fc60000 - 0x00007ff99fc78000 	C:\Windows\SYSTEM32\kernel.appcore.dll
0x00007ff98af90000 - 0x00007ff98af9a000 	C:\Users\natha\.p2\pool\plugins\org.eclipse.justj.openjdk.hotspot.jre.full.win32.x86_64_17.0.4.v20221004-1257\jre\bin\jimage.dll
0x00007ff99e330000 - 0x00007ff99e551000 	C:\Windows\SYSTEM32\DBGHELP.DLL
0x00007ff99e2e0000 - 0x00007ff99e311000 	C:\Windows\SYSTEM32\dbgcore.DLL
0x00007ff9a1120000 - 0x00007ff9a119f000 	C:\Windows\System32\bcryptPrimitives.dll
0x00007ff97cbc0000 - 0x00007ff97cbe5000 	C:\Users\natha\.p2\pool\plugins\org.eclipse.justj.openjdk.hotspot.jre.full.win32.x86_64_17.0.4.v20221004-1257\jre\bin\java.dll

dbghelp: loaded successfully - version: 4.0.5 - missing functions: none
symbol engine: initialized successfully - sym options: 0x614 - pdb path: .;C:\Users\natha\.p2\pool\plugins\org.eclipse.justj.openjdk.hotspot.jre.full.win32.x86_64_17.0.4.v20221004-1257\jre\bin;C:\Windows\SYSTEM32;C:\Windows\WinSxS\amd64_microsoft.windows.common-controls_6595b64144ccf1df_6.0.22000.120_none_9d947278b86cc467;C:\Users\natha\.p2\pool\plugins\org.eclipse.justj.openjdk.hotspot.jre.full.win32.x86_64_17.0.4.v20221004-1257\jre\bin\server

VM Arguments:
jvm_args: -Dfile.encoding=UTF-8 -XX:+ShowCodeDetailsInExceptionMessages 
java_command: edu.cpt187.dykema.program2.DemoConstruction
java_class_path (initial): C:\Users\natha\OneDrive\Desktop\Eclipse\CPT187\DykemaProgram2\bin
Launcher Type: SUN_STANDARD

[Global flags]
     intx CICompilerCount                          = 4                                         {product} {ergonomic}
     uint ConcGCThreads                            = 2                                         {product} {ergonomic}
     uint G1ConcRefinementThreads                  = 8                                         {product} {ergonomic}
   size_t G1HeapRegionSize                         = 1048576                                   {product} {ergonomic}
    uintx GCDrainStackTargetSize                   = 64                                        {product} {ergonomic}
   size_t InitialHeapSize                          = 127926272                                 {product} {ergonomic}
   size_t MarkStackSize                            = 4194304                                   {product} {ergonomic}
   size_t MaxHeapSize                              = 2030043136                                {product} {ergonomic}
   size_t MinHeapDeltaBytes                        = 1048576                                   {product} {ergonomic}
   size_t MinHeapSize                              = 8388608                                   {product} {ergonomic}
    uintx NonNMethodCodeHeapSize                   = 5839372                                {pd product} {ergonomic}
    uintx NonProfiledCodeHeapSize                  = 122909434                              {pd product} {ergonomic}
    uintx ProfiledCodeHeapSize                     = 122909434                              {pd product} {ergonomic}
    uintx ReservedCodeCacheSize                    = 251658240                              {pd product} {ergonomic}
     bool SegmentedCodeCache                       = true                                      {product} {ergonomic}
     bool ShowCodeDetailsInExceptionMessages       = true                                   {manageable} {command line}
   size_t SoftMaxHeapSize                          = 2030043136                             {manageable} {ergonomic}
     bool UseCompressedClassPointers               = true                           {product lp64_product} {ergonomic}
     bool UseCompressedOops                        = true                           {product lp64_product} {ergonomic}
     bool UseG1GC                                  = true                                      {product} {ergonomic}
     bool UseLargePagesIndividualAllocation        = false                                  {pd product} {ergonomic}

Logging:
Log output configuration:
 #0: stdout all=warning uptime,level,tags
 #1: stderr all=off uptime,level,tags

Environment Variables:
PATH=C:/Users/natha/.p2/pool/plugins/org.eclipse.justj.openjdk.hotspot.jre.full.win32.x86_64_17.0.4.v20221004-1257/jre/bin/server;C:/Users/natha/.p2/pool/plugins/org.eclipse.justj.openjdk.hotspot.jre.full.win32.x86_64_17.0.4.v20221004-1257/jre/bin;C:/Users/natha/AppData/Local/Temp/eoi6BB.tmp//plugins/org.eclipse.justj.openjdk.hotspot.jre.minimal.stripped.win32.x86_64_17.0.4.v20220903-1038/jre/bin/server;C:/Users/natha/AppData/Local/Temp/eoi6BB.tmp//plugins/org.eclipse.justj.openjdk.hotspot.jre.minimal.stripped.win32.x86_64_17.0.4.v20220903-1038/jre/bin;C:\Program Files\Google\Chrome\Application;C:\Windows\system32;C:\Windows;C:\Windows\System32\Wbem;C:\Windows\System32\WindowsPowerShell\v1.0\;C:\Windows\System32\OpenSSH\;C:\Users\natha\AppData\Local\Microsoft\WindowsApps;;C:\Users\natha\Downloads;;C:\Users\natha\Downloads;
USERNAME=natha
OS=Windows_NT
PROCESSOR_IDENTIFIER=Intel64 Family 6 Model 140 Stepping 1, GenuineIntel
TMP=C:\Users\natha\AppData\Local\Temp
TEMP=C:\Users\natha\AppData\Local\Temp



---------------  S Y S T E M  ---------------

OS:
 Windows 11 , 64 bit Build 22000 (10.0.22000.708)
OS uptime: 9 days 20:30 hours

CPU: total 8 (initial active 8) (4 cores per cpu, 2 threads per core) family 6 model 140 stepping 1 microcode 0x86, cx8, cmov, fxsr, ht, mmx, 3dnowpref, sse, sse2, sse3, ssse3, sse4.1, sse4.2, popcnt, lzcnt, tsc, tscinvbit, avx, avx2, aes, erms, clmul, bmi1, bmi2, adx, avx512f, avx512dq, avx512cd, avx512bw, avx512vl, sha, fma, vzeroupper, avx512_vpopcntdq, avx512_vpclmulqdq, avx512_vaes, avx512_vnni, clflush, clflushopt, clwb, avx512_vbmi2, avx512_vbmi

Memory: 4k page, system-wide physical 7739M (1328M free)
TotalPageFile size 31291M (AvailPageFile size 51M)
current process WorkingSet (physical memory assigned to process): 11M, peak: 11M
current process commit charge ("private bytes"): 60M, peak: 182M

vm_info: OpenJDK 64-Bit Server VM (17.0.4.1+1) for windows-amd64 JRE (17.0.4.1+1), built on Aug 17 2022 07:42:43 by "temurin" with MS VC++ 16.7 (VS2019)

END.
